set -e; : '  CHK     include/config/uboot.release'; mkdir -p include/config/; 	echo "2014.07$(/bin/bash /home/sky/share/u-boot-2014.07/scripts/setlocalversion /home/sky/share/u-boot-2014.07)" < Makefile > include/config/uboot.release.tmp; if [ -r include/config/uboot.release ] && cmp -s include/config/uboot.release include/config/uboot.release.tmp; then rm -f include/config/uboot.release.tmp; else : '  UPD     include/config/uboot.release'; mv -f include/config/uboot.release.tmp include/config/uboot.release; fi
set -e; : '  CHK     include/generated/version_autogenerated.h'; mkdir -p include/generated/; 	(echo \#define PLAIN_VERSION \"2014.07-g1116f4d-dirty\"; echo \#define U_BOOT_VERSION \"U-Boot \" PLAIN_VERSION; echo \#define CC_VERSION_STRING \"$(arm-none-linux-gnueabi-gcc --version | head -n 1)\"; echo \#define LD_VERSION_STRING \"$(arm-none-linux-gnueabi-ld --version | head -n 1)\"; ) < include/config/uboot.release > include/generated/version_autogenerated.h.tmp; if [ -r include/generated/version_autogenerated.h ] && cmp -s include/generated/version_autogenerated.h include/generated/version_autogenerated.h.tmp; then rm -f include/generated/version_autogenerated.h.tmp; else : '  UPD     include/generated/version_autogenerated.h'; mv -f include/generated/version_autogenerated.h.tmp include/generated/version_autogenerated.h; fi
set -e; : '  CHK     include/generated/timestamp_autogenerated.h'; mkdir -p include/generated/; 	(LC_ALL=C date +'#define U_BOOT_DATE "%b %d %C%y"'; LC_ALL=C date +'#define U_BOOT_TIME "%T"') < /home/sky/share/u-boot-2014.07/Makefile > include/generated/timestamp_autogenerated.h.tmp; if [ -r include/generated/timestamp_autogenerated.h ] && cmp -s include/generated/timestamp_autogenerated.h include/generated/timestamp_autogenerated.h.tmp; then rm -f include/generated/timestamp_autogenerated.h.tmp; else : '  UPD     include/generated/timestamp_autogenerated.h'; mv -f include/generated/timestamp_autogenerated.h.tmp include/generated/timestamp_autogenerated.h; fi
make -f scripts/Makefile.build obj=scripts/basic
rm -f .tmp_quiet_recordmcount
make -f scripts/Makefile.build obj=.
mkdir -p lib/
mkdir -p arch/arm/lib/
make -f scripts/Makefile.build obj=tools
  gcc -Wp,-MD,tools/.dumpimage.o.d -Wall -Wstrict-prototypes -O2 -fomit-frame-pointer   -include /home/sky/share/u-boot-2014.07/include/libfdt_env.h -idirafterinclude -idirafter/home/sky/share/u-boot-2014.07/arch/arm/include -I/home/sky/share/u-boot-2014.07/lib/libfdt -I/home/sky/share/u-boot-2014.07/tools -DCONFIG_SYS_TEXT_BASE=0x73C00000 -DUSE_HOSTCC -D__KERNEL_STRICT_NAMES -D_GNU_SOURCE  -c -o tools/dumpimage.o tools/dumpimage.c
  gcc -Wp,-MD,tools/.image-host.o.d -Wall -Wstrict-prototypes -O2 -fomit-frame-pointer   -include /home/sky/share/u-boot-2014.07/include/libfdt_env.h -idirafterinclude -idirafter/home/sky/share/u-boot-2014.07/arch/arm/include -I/home/sky/share/u-boot-2014.07/lib/libfdt -I/home/sky/share/u-boot-2014.07/tools -DCONFIG_SYS_TEXT_BASE=0x73C00000 -DUSE_HOSTCC -D__KERNEL_STRICT_NAMES -D_GNU_SOURCE  -c -o tools/image-host.o tools/image-host.c
  gcc -Wp,-MD,tools/.mkenvimage.o.d -Wall -Wstrict-prototypes -O2 -fomit-frame-pointer   -include /home/sky/share/u-boot-2014.07/include/libfdt_env.h -idirafterinclude -idirafter/home/sky/share/u-boot-2014.07/arch/arm/include -I/home/sky/share/u-boot-2014.07/lib/libfdt -I/home/sky/share/u-boot-2014.07/tools -DCONFIG_SYS_TEXT_BASE=0x73C00000 -DUSE_HOSTCC -D__KERNEL_STRICT_NAMES -D_GNU_SOURCE  -c -o tools/mkenvimage.o tools/mkenvimage.c
  gcc -Wp,-MD,tools/.mkimage.o.d -Wall -Wstrict-prototypes -O2 -fomit-frame-pointer   -include /home/sky/share/u-boot-2014.07/include/libfdt_env.h -idirafterinclude -idirafter/home/sky/share/u-boot-2014.07/arch/arm/include -I/home/sky/share/u-boot-2014.07/lib/libfdt -I/home/sky/share/u-boot-2014.07/tools -DCONFIG_SYS_TEXT_BASE=0x73C00000 -DUSE_HOSTCC -D__KERNEL_STRICT_NAMES -D_GNU_SOURCE  -c -o tools/mkimage.o tools/mkimage.c
  gcc  -o tools/mkenvimage tools/mkenvimage.o tools/os_support.o tools/lib/crc32.o  
  gcc  -o tools/dumpimage tools/aisimage.o tools/atmelimage.o tools/common/bootm.o tools/lib/crc32.o tools/default_image.o tools/lib/fdtdec_common.o tools/lib/fdtdec.o tools/fit_common.o tools/fit_image.o tools/gpimage.o tools/gpimage-common.o tools/common/image-fit.o tools/image-host.o tools/common/image.o tools/imagetool.o tools/imximage.o tools/kwbimage.o tools/lib/md5.o tools/mxsimage.o tools/omapimage.o tools/os_support.o tools/pblimage.o tools/pbl_crc32.o tools/lib/sha1.o tools/lib/sha256.o tools/ublimage.o tools/lib/libfdt/fdt.o tools/lib/libfdt/fdt_ro.o tools/lib/libfdt/fdt_rw.o tools/lib/libfdt/fdt_strerror.o tools/lib/libfdt/fdt_wip.o tools/dumpimage.o  
  gcc  -o tools/mkimage tools/aisimage.o tools/atmelimage.o tools/common/bootm.o tools/lib/crc32.o tools/default_image.o tools/lib/fdtdec_common.o tools/lib/fdtdec.o tools/fit_common.o tools/fit_image.o tools/gpimage.o tools/gpimage-common.o tools/common/image-fit.o tools/image-host.o tools/common/image.o tools/imagetool.o tools/imximage.o tools/kwbimage.o tools/lib/md5.o tools/mxsimage.o tools/omapimage.o tools/os_support.o tools/pblimage.o tools/pbl_crc32.o tools/lib/sha1.o tools/lib/sha256.o tools/ublimage.o tools/lib/libfdt/fdt.o tools/lib/libfdt/fdt_ro.o tools/lib/libfdt/fdt_rw.o tools/lib/libfdt/fdt_strerror.o tools/lib/libfdt/fdt_wip.o tools/mkimage.o  
make -f scripts/Makefile.build obj=arch/arm/cpu
make -f scripts/Makefile.build obj=arch/arm/cpu/slsiap
  arm-none-linux-gnueabi-gcc -Wp,-MD,arch/arm/cpu/slsiap/../../lib/.eabi_compat.o.d  -nostdinc -isystem /opt/toolchain-4.5.1-farsight/bin/../lib/gcc/arm-none-linux-gnueabi/4.5.1/include -Iinclude  -I/home/sky/share/u-boot-2014.07/arch/arm/include -D__KERNEL__ -DCONFIG_SYS_TEXT_BASE=0x73C00000 -Wall -Wstrict-prototypes -Wno-format-security -fno-builtin -ffreestanding -Os -fno-stack-protector -g -Wno-format-nonliteral -DCONFIG_ARM -D__ARM__ -marm -mno-thumb-interwork -mabi=aapcs-linux -mword-relocations -ffunction-sections -fdata-sections -fno-common -ffixed-r9 -msoft-float -mcpu=cortex-a9 -fno-short-enums -fstrict-aliasing -I/home/sky/share/u-boot-2014.07/arch/arm/cpu/slsiap/s5p6818/prototype/module -I/home/sky/share/u-boot-2014.07/arch/arm/cpu/slsiap/s5p6818/prototype/base -I/home/sky/share/u-boot-2014.07/arch/arm/include/asm/arch-s5p6818 -I/home/sky/share/u-boot-2014.07/arch/arm/cpu/slsiap/common -I/home/sky/share/u-boot-2014.07/arch/arm/cpu/slsiap/devices -I/home/sky/share/u-boot-2014.07/board/samsung/common -D__LINUX__ -DNX_RELEASE -Wno-unused-but-set-variable -I/home/sky/share/u-boot-2014.07/board/samsung/fs6818/include -pipe    -D"KBUILD_STR(s)=#s" -D"KBUILD_BASENAME=KBUILD_STR(eabi_compat)"  -D"KBUILD_MODNAME=KBUILD_STR(eabi_compat)" -c -o arch/arm/cpu/slsiap/../../lib/eabi_compat.o arch/arm/cpu/slsiap/../../lib/eabi_compat.c
make -f scripts/Makefile.build obj=arch/arm/cpu/slsiap/common
make -f scripts/Makefile.build obj=arch/arm/cpu/slsiap/devices
   arm-none-linux-gnueabi-ld     -r -o arch/arm/cpu/slsiap/built-in.o arch/arm/cpu/slsiap/../../lib/eabi_compat.o arch/arm/cpu/slsiap/common/built-in.o arch/arm/cpu/slsiap/devices/built-in.o 
make -f scripts/Makefile.build obj=arch/arm/cpu/slsiap/s5p6818
  arm-none-linux-gnueabi-gcc -Wp,-MD,arch/arm/cpu/slsiap/s5p6818/.mmu_asm.o.d  -nostdinc -isystem /opt/toolchain-4.5.1-farsight/bin/../lib/gcc/arm-none-linux-gnueabi/4.5.1/include -Iinclude  -I/home/sky/share/u-boot-2014.07/arch/arm/include -D__KERNEL__ -DCONFIG_SYS_TEXT_BASE=0x73C00000  -D__ASSEMBLY__ -g      -DCONFIG_ARM -D__ARM__ -marm -mno-thumb-interwork  -mabi=aapcs-linux  -mword-relocations   -ffunction-sections -fdata-sections -fno-common -ffixed-r9  -msoft-float  -mcpu=cortex-a9 -fno-short-enums -fstrict-aliasing  -I/home/sky/share/u-boot-2014.07/arch/arm/cpu/slsiap/s5p6818/prototype/module -I/home/sky/share/u-boot-2014.07/arch/arm/cpu/slsiap/s5p6818/prototype/base -I/home/sky/share/u-boot-2014.07/arch/arm/include/asm/arch-s5p6818 -I/home/sky/share/u-boot-2014.07/arch/arm/cpu/slsiap/common -I/home/sky/share/u-boot-2014.07/arch/arm/cpu/slsiap/devices -I/home/sky/share/u-boot-2014.07/board/samsung/common -D__LINUX__ -DNX_RELEASE -Wno-unused-but-set-variable -I/home/sky/share/u-boot-2014.07/board/samsung/fs6818/include -pipe     -c -o arch/arm/cpu/slsiap/s5p6818/mmu_asm.o arch/arm/cpu/slsiap/s5p6818/mmu_asm.S
make -f scripts/Makefile.build obj=arch/arm/cpu/slsiap/s5p6818/prototype
   arm-none-linux-gnueabi-ld     -r -o arch/arm/cpu/slsiap/s5p6818/built-in.o arch/arm/cpu/slsiap/s5p6818/low_init.o arch/arm/cpu/slsiap/s5p6818/cpu.o arch/arm/cpu/slsiap/s5p6818/s5p6818.o arch/arm/cpu/slsiap/s5p6818/clock.o arch/arm/cpu/slsiap/s5p6818/reset.o arch/arm/cpu/slsiap/s5p6818/timer.o arch/arm/cpu/slsiap/s5p6818/device.o arch/arm/cpu/slsiap/s5p6818/../common/cache_v7.o arch/arm/cpu/slsiap/s5p6818/mmu.o arch/arm/cpu/slsiap/s5p6818/mmu_asm.o arch/arm/cpu/slsiap/s5p6818/prototype/built-in.o 
  arm-none-linux-gnueabi-gcc -Wp,-MD,arch/arm/cpu/slsiap/s5p6818/.start.o.d  -nostdinc -isystem /opt/toolchain-4.5.1-farsight/bin/../lib/gcc/arm-none-linux-gnueabi/4.5.1/include -Iinclude  -I/home/sky/share/u-boot-2014.07/arch/arm/include -D__KERNEL__ -DCONFIG_SYS_TEXT_BASE=0x73C00000  -D__ASSEMBLY__ -g      -DCONFIG_ARM -D__ARM__ -marm -mno-thumb-interwork  -mabi=aapcs-linux  -mword-relocations   -ffunction-sections -fdata-sections -fno-common -ffixed-r9  -msoft-float  -mcpu=cortex-a9 -fno-short-enums -fstrict-aliasing  -I/home/sky/share/u-boot-2014.07/arch/arm/cpu/slsiap/s5p6818/prototype/module -I/home/sky/share/u-boot-2014.07/arch/arm/cpu/slsiap/s5p6818/prototype/base -I/home/sky/share/u-boot-2014.07/arch/arm/include/asm/arch-s5p6818 -I/home/sky/share/u-boot-2014.07/arch/arm/cpu/slsiap/common -I/home/sky/share/u-boot-2014.07/arch/arm/cpu/slsiap/devices -I/home/sky/share/u-boot-2014.07/board/samsung/common -D__LINUX__ -DNX_RELEASE -Wno-unused-but-set-variable -I/home/sky/share/u-boot-2014.07/board/samsung/fs6818/include -pipe     -c -o arch/arm/cpu/slsiap/s5p6818/start.o arch/arm/cpu/slsiap/s5p6818/start.S
make -f scripts/Makefile.build obj=arch/arm/lib
  arm-none-linux-gnueabi-gcc -Wp,-MD,arch/arm/lib/.eabi_compat.o.d  -nostdinc -isystem /opt/toolchain-4.5.1-farsight/bin/../lib/gcc/arm-none-linux-gnueabi/4.5.1/include -Iinclude  -I/home/sky/share/u-boot-2014.07/arch/arm/include -D__KERNEL__ -DCONFIG_SYS_TEXT_BASE=0x73C00000 -Wall -Wstrict-prototypes -Wno-format-security -fno-builtin -ffreestanding -Os -fno-stack-protector -g -Wno-format-nonliteral -DCONFIG_ARM -D__ARM__ -marm -mno-thumb-interwork -mabi=aapcs-linux -mword-relocations -ffunction-sections -fdata-sections -fno-common -ffixed-r9 -msoft-float -mcpu=cortex-a9 -fno-short-enums -fstrict-aliasing -I/home/sky/share/u-boot-2014.07/arch/arm/cpu/slsiap/s5p6818/prototype/module -I/home/sky/share/u-boot-2014.07/arch/arm/cpu/slsiap/s5p6818/prototype/base -I/home/sky/share/u-boot-2014.07/arch/arm/include/asm/arch-s5p6818 -I/home/sky/share/u-boot-2014.07/arch/arm/cpu/slsiap/common -I/home/sky/share/u-boot-2014.07/arch/arm/cpu/slsiap/devices -I/home/sky/share/u-boot-2014.07/board/samsung/common -D__LINUX__ -DNX_RELEASE -Wno-unused-but-set-variable -I/home/sky/share/u-boot-2014.07/board/samsung/fs6818/include -pipe    -D"KBUILD_STR(s)=#s" -D"KBUILD_BASENAME=KBUILD_STR(eabi_compat)"  -D"KBUILD_MODNAME=KBUILD_STR(eabi_compat)" -c -o arch/arm/lib/eabi_compat.o arch/arm/lib/eabi_compat.c
make -f scripts/Makefile.build obj=board/samsung/fs6818
make -f scripts/Makefile.build obj=common
  arm-none-linux-gnueabi-gcc -Wp,-MD,common/.main.o.d  -nostdinc -isystem /opt/toolchain-4.5.1-farsight/bin/../lib/gcc/arm-none-linux-gnueabi/4.5.1/include -Iinclude  -I/home/sky/share/u-boot-2014.07/arch/arm/include -D__KERNEL__ -DCONFIG_SYS_TEXT_BASE=0x73C00000 -Wall -Wstrict-prototypes -Wno-format-security -fno-builtin -ffreestanding -Os -fno-stack-protector -g -Wno-format-nonliteral -DCONFIG_ARM -D__ARM__ -marm -mno-thumb-interwork -mabi=aapcs-linux -mword-relocations -ffunction-sections -fdata-sections -fno-common -ffixed-r9 -msoft-float -mcpu=cortex-a9 -fno-short-enums -fstrict-aliasing -I/home/sky/share/u-boot-2014.07/arch/arm/cpu/slsiap/s5p6818/prototype/module -I/home/sky/share/u-boot-2014.07/arch/arm/cpu/slsiap/s5p6818/prototype/base -I/home/sky/share/u-boot-2014.07/arch/arm/include/asm/arch-s5p6818 -I/home/sky/share/u-boot-2014.07/arch/arm/cpu/slsiap/common -I/home/sky/share/u-boot-2014.07/arch/arm/cpu/slsiap/devices -I/home/sky/share/u-boot-2014.07/board/samsung/common -D__LINUX__ -DNX_RELEASE -Wno-unused-but-set-variable -I/home/sky/share/u-boot-2014.07/board/samsung/fs6818/include -pipe    -D"KBUILD_STR(s)=#s" -D"KBUILD_BASENAME=KBUILD_STR(main)"  -D"KBUILD_MODNAME=KBUILD_STR(main)" -c -o common/main.o common/main.c
  arm-none-linux-gnueabi-gcc -Wp,-MD,common/.board_f.o.d  -nostdinc -isystem /opt/toolchain-4.5.1-farsight/bin/../lib/gcc/arm-none-linux-gnueabi/4.5.1/include -Iinclude  -I/home/sky/share/u-boot-2014.07/arch/arm/include -D__KERNEL__ -DCONFIG_SYS_TEXT_BASE=0x73C00000 -Wall -Wstrict-prototypes -Wno-format-security -fno-builtin -ffreestanding -Os -fno-stack-protector -g -Wno-format-nonliteral -DCONFIG_ARM -D__ARM__ -marm -mno-thumb-interwork -mabi=aapcs-linux -mword-relocations -ffunction-sections -fdata-sections -fno-common -ffixed-r9 -msoft-float -mcpu=cortex-a9 -fno-short-enums -fstrict-aliasing -I/home/sky/share/u-boot-2014.07/arch/arm/cpu/slsiap/s5p6818/prototype/module -I/home/sky/share/u-boot-2014.07/arch/arm/cpu/slsiap/s5p6818/prototype/base -I/home/sky/share/u-boot-2014.07/arch/arm/include/asm/arch-s5p6818 -I/home/sky/share/u-boot-2014.07/arch/arm/cpu/slsiap/common -I/home/sky/share/u-boot-2014.07/arch/arm/cpu/slsiap/devices -I/home/sky/share/u-boot-2014.07/board/samsung/common -D__LINUX__ -DNX_RELEASE -Wno-unused-but-set-variable -I/home/sky/share/u-boot-2014.07/board/samsung/fs6818/include -pipe    -D"KBUILD_STR(s)=#s" -D"KBUILD_BASENAME=KBUILD_STR(board_f)"  -D"KBUILD_MODNAME=KBUILD_STR(board_f)" -c -o common/board_f.o common/board_f.c
  arm-none-linux-gnueabi-gcc -Wp,-MD,common/.cmd_version.o.d  -nostdinc -isystem /opt/toolchain-4.5.1-farsight/bin/../lib/gcc/arm-none-linux-gnueabi/4.5.1/include -Iinclude  -I/home/sky/share/u-boot-2014.07/arch/arm/include -D__KERNEL__ -DCONFIG_SYS_TEXT_BASE=0x73C00000 -Wall -Wstrict-prototypes -Wno-format-security -fno-builtin -ffreestanding -Os -fno-stack-protector -g -Wno-format-nonliteral -DCONFIG_ARM -D__ARM__ -marm -mno-thumb-interwork -mabi=aapcs-linux -mword-relocations -ffunction-sections -fdata-sections -fno-common -ffixed-r9 -msoft-float -mcpu=cortex-a9 -fno-short-enums -fstrict-aliasing -I/home/sky/share/u-boot-2014.07/arch/arm/cpu/slsiap/s5p6818/prototype/module -I/home/sky/share/u-boot-2014.07/arch/arm/cpu/slsiap/s5p6818/prototype/base -I/home/sky/share/u-boot-2014.07/arch/arm/include/asm/arch-s5p6818 -I/home/sky/share/u-boot-2014.07/arch/arm/cpu/slsiap/common -I/home/sky/share/u-boot-2014.07/arch/arm/cpu/slsiap/devices -I/home/sky/share/u-boot-2014.07/board/samsung/common -D__LINUX__ -DNX_RELEASE -Wno-unused-but-set-variable -I/home/sky/share/u-boot-2014.07/board/samsung/fs6818/include -pipe    -D"KBUILD_STR(s)=#s" -D"KBUILD_BASENAME=KBUILD_STR(cmd_version)"  -D"KBUILD_MODNAME=KBUILD_STR(cmd_version)" -c -o common/cmd_version.o common/cmd_version.c
   arm-none-linux-gnueabi-ld     -r -o common/built-in.o common/main.o common/command.o common/exports.o common/hash.o common/cli_hush.o common/cli_simple.o common/cli.o common/cli_readline.o common/s_record.o common/xyzModem.o common/cmd_disk.o common/autoboot.o common/board_f.o common/board_r.o common/cmd_boot.o common/cmd_bootm.o common/bootm.o common/bootm_os.o common/cmd_help.o common/cmd_version.o common/env_attr.o common/env_callback.o common/env_flags.o common/env_mmc.o common/cmd_source.o common/cmd_bdinfo.o common/cmd_exit.o common/cmd_ext4.o common/cmd_fat.o common/cmd_i2c.o common/cmd_load.o common/cmd_mem.o common/miiphyutil.o common/cmd_mii.o common/cmd_mdio.o common/cmd_mmc.o common/cmd_net.o common/cmd_pcmcia.o common/cmd_test.o common/flash.o common/splash.o common/cmd_nvedit.o common/env_common.o common/console.o common/dlmalloc.o common/image.o common/memsize.o common/stdio.o 
make -f scripts/Makefile.build obj=disk
make -f scripts/Makefile.build obj=drivers
make -f scripts/Makefile.build obj=drivers/block
make -f scripts/Makefile.build obj=drivers/crypto
make -f scripts/Makefile.build obj=drivers/dfu
make -f scripts/Makefile.build obj=drivers/hwmon
make -f scripts/Makefile.build obj=drivers/memory
make -f scripts/Makefile.build obj=drivers/misc
make -f scripts/Makefile.build obj=drivers/pcmcia
make -f scripts/Makefile.build obj=drivers/rtc
make -f scripts/Makefile.build obj=drivers/sound
make -f scripts/Makefile.build obj=drivers/tpm
make -f scripts/Makefile.build obj=drivers/twserial
make -f scripts/Makefile.build obj=drivers/video
make -f scripts/Makefile.build obj=drivers/watchdog
make -f scripts/Makefile.build obj=drivers/dma
make -f scripts/Makefile.build obj=drivers/gpio
make -f scripts/Makefile.build obj=drivers/i2c
make -f scripts/Makefile.build obj=drivers/input
make -f scripts/Makefile.build obj=drivers/mmc
make -f scripts/Makefile.build obj=drivers/net
make -f scripts/Makefile.build obj=drivers/net/phy
make -f scripts/Makefile.build obj=drivers/pci
make -f scripts/Makefile.build obj=drivers/power
make -f scripts/Makefile.build obj=drivers/power/battery
make -f scripts/Makefile.build obj=drivers/power/fuel_gauge
make -f scripts/Makefile.build obj=drivers/power/mfd
make -f scripts/Makefile.build obj=drivers/power/pmic
make -f scripts/Makefile.build obj=drivers/serial
make -f scripts/Makefile.build obj=drivers/spi
make -f scripts/Makefile.build obj=drivers/usb/eth
make -f scripts/Makefile.build obj=drivers/usb/gadget
make -f scripts/Makefile.build obj=drivers/usb/host
make -f scripts/Makefile.build obj=drivers/usb/musb-new
make -f scripts/Makefile.build obj=drivers/usb/musb
make -f scripts/Makefile.build obj=drivers/usb/phy
make -f scripts/Makefile.build obj=drivers/usb/ulpi
make -f scripts/Makefile.build obj=fs
make -f scripts/Makefile.build obj=fs/ext4
make -f scripts/Makefile.build obj=fs/fat
make -f scripts/Makefile.build obj=lib
make -f scripts/Makefile.build obj=lib/zlib
  arm-none-linux-gnueabi-gcc -Wp,-MD,lib/.display_options.o.d  -nostdinc -isystem /opt/toolchain-4.5.1-farsight/bin/../lib/gcc/arm-none-linux-gnueabi/4.5.1/include -Iinclude  -I/home/sky/share/u-boot-2014.07/arch/arm/include -D__KERNEL__ -DCONFIG_SYS_TEXT_BASE=0x73C00000 -Wall -Wstrict-prototypes -Wno-format-security -fno-builtin -ffreestanding -Os -fno-stack-protector -g -Wno-format-nonliteral -DCONFIG_ARM -D__ARM__ -marm -mno-thumb-interwork -mabi=aapcs-linux -mword-relocations -ffunction-sections -fdata-sections -fno-common -ffixed-r9 -msoft-float -mcpu=cortex-a9 -fno-short-enums -fstrict-aliasing -I/home/sky/share/u-boot-2014.07/arch/arm/cpu/slsiap/s5p6818/prototype/module -I/home/sky/share/u-boot-2014.07/arch/arm/cpu/slsiap/s5p6818/prototype/base -I/home/sky/share/u-boot-2014.07/arch/arm/include/asm/arch-s5p6818 -I/home/sky/share/u-boot-2014.07/arch/arm/cpu/slsiap/common -I/home/sky/share/u-boot-2014.07/arch/arm/cpu/slsiap/devices -I/home/sky/share/u-boot-2014.07/board/samsung/common -D__LINUX__ -DNX_RELEASE -Wno-unused-but-set-variable -I/home/sky/share/u-boot-2014.07/board/samsung/fs6818/include -pipe    -D"KBUILD_STR(s)=#s" -D"KBUILD_BASENAME=KBUILD_STR(display_options)"  -D"KBUILD_MODNAME=KBUILD_STR(display_options)" -c -o lib/display_options.o lib/display_options.c
   arm-none-linux-gnueabi-ld     -r -o lib/built-in.o lib/zlib/built-in.o lib/crc7.o lib/crc8.o lib/crc16.o lib/gunzip.o lib/initcall.o lib/lmb.o lib/ldiv.o lib/net_utils.o lib/qsort.o lib/strmhz.o lib/hashtable.o lib/errno.o lib/display_options.o lib/crc32.o lib/ctype.o lib/div64.o lib/hang.o lib/linux_string.o lib/string.o lib/time.o lib/vsprintf.o 
make -f scripts/Makefile.build obj=lib/libfdt
make -f scripts/Makefile.build obj=net
make -f scripts/Makefile.build obj=test
make -f scripts/Makefile.build obj=test/dm
make -f scripts/Makefile.build obj=examples
make -f scripts/Makefile.build obj=examples/standalone
  arm-none-linux-gnueabi-ld   -pie  --gc-sections -Bstatic -Ttext 0x73C00000 -o u-boot -T u-boot.lds arch/arm/cpu/slsiap/s5p6818/start.o --start-group  arch/arm/cpu/built-in.o  arch/arm/cpu/slsiap/built-in.o  arch/arm/cpu/slsiap/s5p6818/built-in.o  arch/arm/lib/built-in.o  board/samsung/fs6818/built-in.o  common/built-in.o  disk/built-in.o  drivers/built-in.o  drivers/dma/built-in.o  drivers/gpio/built-in.o  drivers/i2c/built-in.o  drivers/input/built-in.o  drivers/mmc/built-in.o  drivers/net/built-in.o  drivers/net/phy/built-in.o  drivers/pci/built-in.o  drivers/power/built-in.o  drivers/power/battery/built-in.o  drivers/power/fuel_gauge/built-in.o  drivers/power/mfd/built-in.o  drivers/power/pmic/built-in.o  drivers/serial/built-in.o  drivers/spi/built-in.o  drivers/usb/eth/built-in.o  drivers/usb/gadget/built-in.o  drivers/usb/host/built-in.o  drivers/usb/musb-new/built-in.o  drivers/usb/musb/built-in.o  drivers/usb/phy/built-in.o  drivers/usb/ulpi/built-in.o  fs/built-in.o  lib/built-in.o  lib/libfdt/built-in.o  net/built-in.o  test/built-in.o  test/dm/built-in.o --end-group  -L /opt/toolchain-4.5.1-farsight/bin/../lib/gcc/arm-none-linux-gnueabi/4.5.1 -lgcc -Map u-boot.map
  arm-none-linux-gnueabi-objcopy  -j .text -j .rodata -j .hash -j .data -j .got.plt -j .u_boot_list -j .rel.dyn --gap-fill=0xff -O srec u-boot u-boot.srec
  arm-none-linux-gnueabi-objcopy  -j .text -j .rodata -j .hash -j .data -j .got.plt -j .u_boot_list -j .rel.dyn --gap-fill=0xff -O binary u-boot u-boot.bin
./tools/mk6818 ubootpak.bin nsih.txt 2ndboot u-boot.bin
NSIH : 188 line processed.
NSIH : 512 bytes generated.
Generate destination file: ubootpak.bin
cat ./512B ubootpak.bin > win-uboot.bin
